0 silly argv {
0 silly argv   _: [ 'run' ],
0 silly argv   scope: 'consumer',
0 silly argv   stream: true,
0 silly argv   lernaVersion: '3.22.1',
0 silly argv   '$0': 'node_modules/.bin/lerna',
0 silly argv   script: 'dev'
0 silly argv }
1 notice cli v3.22.1
2 verbose rootPath /Users/sumit/personal-projects/Ecommerce-front
3 notice filter including "consumer"
4 info filter [ 'consumer' ]
5 info Executing command in 1 package: "npm run dev"
6 silly npmRunScript.stream [ 'dev', [], 'consumer' ]
7 silly getExecOpts /Users/sumit/personal-projects/Ecommerce-front/packages/consumer undefined
8 error Error: Command failed: npm run dev
8 error error - ./pages/login/index.tsx:87:7
8 error Syntax error: Unexpected token, expected ";"
8 error
8 error   85 |   const { t } = useTranslation();
8 error   86 |   const [loading, setLoading] = React.useState(false);
8 error > 87 |   onst { authenticated, loading, setUser, setUserName } = useContext(
8 error      |        ^
8 error   88 |     AuthContext
8 error   89 |   );
8 error   90 |   const handleLoginFormSubmit = () => {
8 error error - ./pages/login/index.tsx:87:25
8 error Syntax error: Identifier 'loading' has already been declared
8 error
8 error   85 |   const { t } = useTranslation();
8 error   86 |   const [loading, setLoading] = React.useState(false);
8 error > 87 |   const { authenticated, loading, setUser, setUserName } =
8 error      |                          ^
8 error   88 |     useContext(AuthContext);
8 error   89 |   const handleLoginFormSubmit = () => {
8 error   90 |     handleLogin();
8 error error - ./pages/login/index.tsx:87:25
8 error Syntax error: Identifier 'loading' has already been declared
8 error
8 error   85 |   const { t } = useTranslation();
8 error   86 |   const [loading, setLoading] = React.useState(false);
8 error > 87 |   const { authenticated, loading, setUser, setUserName } =
8 error      |                          ^
8 error   88 |     useContext(AuthContext);
8 error   89 |   const handleLoginFormSubmit = () => {
8 error   90 |     handleLogin();
8 error error - ./pages/login/index.tsx:87:19
8 error Syntax error: Identifier 'setUser' has already been declared
8 error
8 error   85 |   const { t } = useTranslation();
8 error   86 |   const [loading, setLoading] = React.useState(false);
8 error > 87 |   const { setUser, setUser } = useContext(AuthContext);
8 error      |                    ^
8 error   88 |   const handleLoginFormSubmit = () => {
8 error   89 |     handleLogin();
8 error   90 |   };
8 error error - ./pages/login/index.tsx:88:19
8 error Syntax error: Identifier 'setUser' has already been declared
8 error
8 error   86 |   const { t } = useTranslation();
8 error   87 |   const [loading, setLoading] = React.useState(false);
8 error > 88 |   const { setUser, setUser } = useContext(AuthContext);
8 error      |                    ^
8 error   89 |   const handleLoginFormSubmit = () => {
8 error   90 |     handleLogin();
8 error   91 |   };
8 error error - ./withRestrictedRoute.tsx:25:10
8 error Syntax error: Unexpected token
8 error
8 error   23 |             setUser({ ...user });
8 error   24 |
8 error > 25 |         } catch (error) {
8 error      |           ^
8 error   26 |           error?.status == 401
8 error   27 |             ? message.error("Unauthorized User")
8 error   28 |             : message.error("An error has occurred. Please try again later.");
8 error error - ./pages/login/index.tsx:112:32
8 error Syntax error: Unexpected token, expected ","
8 error
8 error   110 |       const currentUser = await firebase.auth().currentUser
8 error   111 |       if (firebase.auth().currentUser) {
8 error > 112 |         await setUser({ firebase.auth().currentUser });
8 error       |                                 ^
8 error   113 |         router.push("/homepage");
8 error   114 |       }
8 error   115 |       if (!data || !data.user || !firebase.auth().currentUser) {
8 error error - ./pages/login/index.tsx:111:32
8 error Syntax error: Unexpected token, expected ","
8 error
8 error   109 |       const currentUser = await firebase.auth().currentUser
8 error   110 |       if (currentUser) {
8 error > 111 |         await setUser({ firebase.auth().currentUser });
8 error       |                                 ^
8 error   112 |         router.push("/homepage");
8 error   113 |       }
8 error   114 |       if (!data || !data.user || !firebase.auth().currentUser) {
8 error Error: The `@emotion/core` package has been renamed to `@emotion/react`. Please import it like this `import { jsx } from '@emotion/react'`.
8 error     at Object.<anonymous> (/Users/sumit/personal-projects/Ecommerce-front/node_modules/@emotion/core/dist/emotion-core.cjs.dev.js:3:7)
8 error     at Module._compile (node:internal/modules/cjs/loader:1101:14)
8 error     at Object.Module._extensions..js (node:internal/modules/cjs/loader:1153:10)
8 error     at Module.load (node:internal/modules/cjs/loader:981:32)
8 error     at Function.Module._load (node:internal/modules/cjs/loader:822:12)
8 error     at Module.require (node:internal/modules/cjs/loader:1005:19)
8 error     at require (node:internal/modules/cjs/helpers:102:18)
8 error     at Object.<anonymous> (/Users/sumit/personal-projects/Ecommerce-front/node_modules/@emotion/core/dist/emotion-core.cjs.js:6:20)
8 error     at Module._compile (node:internal/modules/cjs/loader:1101:14)
8 error     at Object.Module._extensions..js (node:internal/modules/cjs/loader:1153:10)
8 error     at Module.load (node:internal/modules/cjs/loader:981:32)
8 error     at Function.Module._load (node:internal/modules/cjs/loader:822:12)
8 error     at Module.require (node:internal/modules/cjs/loader:1005:19)
8 error     at require (node:internal/modules/cjs/helpers:102:18)
8 error     at Object.<anonymous> (/Users/sumit/personal-projects/Ecommerce-front/node_modules/@chakra-ui/core/dist/Accordion/index.js:12:13)
8 error     at Module._compile (node:internal/modules/cjs/loader:1101:14)
8 error Error: The `@emotion/core` package has been renamed to `@emotion/react`. Please import it like this `import { jsx } from '@emotion/react'`.
8 error     at Object.<anonymous> (/Users/sumit/personal-projects/Ecommerce-front/node_modules/@emotion/core/dist/emotion-core.cjs.dev.js:3:7)
8 error     at Module._compile (node:internal/modules/cjs/loader:1101:14)
8 error     at Object.Module._extensions..js (node:internal/modules/cjs/loader:1153:10)
8 error     at Module.load (node:internal/modules/cjs/loader:981:32)
8 error     at Function.Module._load (node:internal/modules/cjs/loader:822:12)
8 error     at Module.require (node:internal/modules/cjs/loader:1005:19)
8 error     at require (node:internal/modules/cjs/helpers:102:18)
8 error     at Object.<anonymous> (/Users/sumit/personal-projects/Ecommerce-front/node_modules/@emotion/core/dist/emotion-core.cjs.js:6:20)
8 error     at Module._compile (node:internal/modules/cjs/loader:1101:14)
8 error     at Object.Module._extensions..js (node:internal/modules/cjs/loader:1153:10)
8 error     at Module.load (node:internal/modules/cjs/loader:981:32)
8 error     at Function.Module._load (node:internal/modules/cjs/loader:822:12)
8 error     at Module.require (node:internal/modules/cjs/loader:1005:19)
8 error     at require (node:internal/modules/cjs/helpers:102:18)
8 error     at Object.<anonymous> (/Users/sumit/personal-projects/Ecommerce-front/node_modules/@chakra-ui/core/dist/Accordion/index.js:12:13)
8 error     at Module._compile (node:internal/modules/cjs/loader:1101:14)
8 error Error: The `@emotion/core` package has been renamed to `@emotion/react`. Please import it like this `import { jsx } from '@emotion/react'`.
8 error     at Object.<anonymous> (/Users/sumit/personal-projects/Ecommerce-front/node_modules/@emotion/core/dist/emotion-core.cjs.dev.js:3:7)
8 error     at Module._compile (node:internal/modules/cjs/loader:1101:14)
8 error     at Object.Module._extensions..js (node:internal/modules/cjs/loader:1153:10)
8 error     at Module.load (node:internal/modules/cjs/loader:981:32)
8 error     at Function.Module._load (node:internal/modules/cjs/loader:822:12)
8 error     at Module.require (node:internal/modules/cjs/loader:1005:19)
8 error     at require (node:internal/modules/cjs/helpers:102:18)
8 error     at Object.<anonymous> (/Users/sumit/personal-projects/Ecommerce-front/node_modules/@emotion/core/dist/emotion-core.cjs.js:6:20)
8 error     at Module._compile (node:internal/modules/cjs/loader:1101:14)
8 error     at Object.Module._extensions..js (node:internal/modules/cjs/loader:1153:10)
8 error     at Module.load (node:internal/modules/cjs/loader:981:32)
8 error     at Function.Module._load (node:internal/modules/cjs/loader:822:12)
8 error     at Module.require (node:internal/modules/cjs/loader:1005:19)
8 error     at require (node:internal/modules/cjs/helpers:102:18)
8 error     at Object.<anonymous> (/Users/sumit/personal-projects/Ecommerce-front/node_modules/@chakra-ui/core/dist/Accordion/index.js:12:13)
8 error     at Module._compile (node:internal/modules/cjs/loader:1101:14)
8 error Error: The `@emotion/core` package has been renamed to `@emotion/react`. Please import it like this `import { jsx } from '@emotion/react'`.
8 error     at Object.<anonymous> (/Users/sumit/personal-projects/Ecommerce-front/node_modules/@emotion/core/dist/emotion-core.cjs.dev.js:3:7)
8 error     at Module._compile (node:internal/modules/cjs/loader:1101:14)
8 error     at Object.Module._extensions..js (node:internal/modules/cjs/loader:1153:10)
8 error     at Module.load (node:internal/modules/cjs/loader:981:32)
8 error     at Function.Module._load (node:internal/modules/cjs/loader:822:12)
8 error     at Module.require (node:internal/modules/cjs/loader:1005:19)
8 error     at require (node:internal/modules/cjs/helpers:102:18)
8 error     at Object.<anonymous> (/Users/sumit/personal-projects/Ecommerce-front/node_modules/@emotion/core/dist/emotion-core.cjs.js:6:20)
8 error     at Module._compile (node:internal/modules/cjs/loader:1101:14)
8 error     at Object.Module._extensions..js (node:internal/modules/cjs/loader:1153:10)
8 error     at Module.load (node:internal/modules/cjs/loader:981:32)
8 error     at Function.Module._load (node:internal/modules/cjs/loader:822:12)
8 error     at Module.require (node:internal/modules/cjs/loader:1005:19)
8 error     at require (node:internal/modules/cjs/helpers:102:18)
8 error     at Object.<anonymous> (/Users/sumit/personal-projects/Ecommerce-front/node_modules/@chakra-ui/core/dist/Accordion/index.js:12:13)
8 error     at Module._compile (node:internal/modules/cjs/loader:1101:14)
8 error Error: The `@emotion/core` package has been renamed to `@emotion/react`. Please import it like this `import { jsx } from '@emotion/react'`.
8 error     at Object.<anonymous> (/Users/sumit/personal-projects/Ecommerce-front/node_modules/@emotion/core/dist/emotion-core.cjs.dev.js:3:7)
8 error     at Module._compile (node:internal/modules/cjs/loader:1101:14)
8 error     at Object.Module._extensions..js (node:internal/modules/cjs/loader:1153:10)
8 error     at Module.load (node:internal/modules/cjs/loader:981:32)
8 error     at Function.Module._load (node:internal/modules/cjs/loader:822:12)
8 error     at Module.require (node:internal/modules/cjs/loader:1005:19)
8 error     at require (node:internal/modules/cjs/helpers:102:18)
8 error     at Object.<anonymous> (/Users/sumit/personal-projects/Ecommerce-front/node_modules/@emotion/core/dist/emotion-core.cjs.js:6:20)
8 error     at Module._compile (node:internal/modules/cjs/loader:1101:14)
8 error     at Object.Module._extensions..js (node:internal/modules/cjs/loader:1153:10)
8 error     at Module.load (node:internal/modules/cjs/loader:981:32)
8 error     at Function.Module._load (node:internal/modules/cjs/loader:822:12)
8 error     at Module.require (node:internal/modules/cjs/loader:1005:19)
8 error     at require (node:internal/modules/cjs/helpers:102:18)
8 error     at Object.<anonymous> (/Users/sumit/personal-projects/Ecommerce-front/node_modules/@chakra-ui/core/dist/Accordion/index.js:12:13)
8 error     at Module._compile (node:internal/modules/cjs/loader:1101:14)
8 error Error: The `@emotion/core` package has been renamed to `@emotion/react`. Please import it like this `import { jsx } from '@emotion/react'`.
8 error     at Object.<anonymous> (/Users/sumit/personal-projects/Ecommerce-front/node_modules/@emotion/core/dist/emotion-core.cjs.dev.js:3:7)
8 error     at Module._compile (node:internal/modules/cjs/loader:1101:14)
8 error     at Object.Module._extensions..js (node:internal/modules/cjs/loader:1153:10)
8 error     at Module.load (node:internal/modules/cjs/loader:981:32)
8 error     at Function.Module._load (node:internal/modules/cjs/loader:822:12)
8 error     at Module.require (node:internal/modules/cjs/loader:1005:19)
8 error     at require (node:internal/modules/cjs/helpers:102:18)
8 error     at Object.<anonymous> (/Users/sumit/personal-projects/Ecommerce-front/node_modules/@emotion/core/dist/emotion-core.cjs.js:6:20)
8 error     at Module._compile (node:internal/modules/cjs/loader:1101:14)
8 error     at Object.Module._extensions..js (node:internal/modules/cjs/loader:1153:10)
8 error     at Module.load (node:internal/modules/cjs/loader:981:32)
8 error     at Function.Module._load (node:internal/modules/cjs/loader:822:12)
8 error     at Module.require (node:internal/modules/cjs/loader:1005:19)
8 error     at require (node:internal/modules/cjs/helpers:102:18)
8 error     at Object.<anonymous> (/Users/sumit/personal-projects/Ecommerce-front/node_modules/@chakra-ui/core/dist/Accordion/index.js:12:13)
8 error     at Module._compile (node:internal/modules/cjs/loader:1101:14)
8 error error - ./pages/login/index.tsx:124:25
8 error Syntax error: Unexpected token, expected ","
8 error
8 error   122 |       } else if (errorCode === "auth/wrong-password") {
8 error   123 |         toast({
8 error > 124 |           position: "top";
8 error       |                          ^
8 error   125 |           title: "Email or password doesnot match",
8 error   126 |           status: "error",
8 error   127 |           duration: 9000,
8 error false
8 error Error: The `@emotion/core` package has been renamed to `@emotion/react`. Please import it like this `import { jsx } from '@emotion/react'`.
8 error     at Object.<anonymous> (/Users/sumit/personal-projects/Ecommerce-front/node_modules/@emotion/core/dist/emotion-core.cjs.dev.js:3:7)
8 error     at Module._compile (node:internal/modules/cjs/loader:1101:14)
8 error     at Object.Module._extensions..js (node:internal/modules/cjs/loader:1153:10)
8 error     at Module.load (node:internal/modules/cjs/loader:981:32)
8 error     at Function.Module._load (node:internal/modules/cjs/loader:822:12)
8 error     at Module.require (node:internal/modules/cjs/loader:1005:19)
8 error     at require (node:internal/modules/cjs/helpers:102:18)
8 error     at Object.<anonymous> (/Users/sumit/personal-projects/Ecommerce-front/node_modules/@emotion/core/dist/emotion-core.cjs.js:6:20)
8 error     at Module._compile (node:internal/modules/cjs/loader:1101:14)
8 error     at Object.Module._extensions..js (node:internal/modules/cjs/loader:1153:10)
8 error     at Module.load (node:internal/modules/cjs/loader:981:32)
8 error     at Function.Module._load (node:internal/modules/cjs/loader:822:12)
8 error     at Module.require (node:internal/modules/cjs/loader:1005:19)
8 error     at require (node:internal/modules/cjs/helpers:102:18)
8 error     at Object.<anonymous> (/Users/sumit/personal-projects/Ecommerce-front/node_modules/@chakra-ui/core/dist/Accordion/index.js:12:13)
8 error     at Module._compile (node:internal/modules/cjs/loader:1101:14)
8 error false
8 error Error: The `@emotion/core` package has been renamed to `@emotion/react`. Please import it like this `import { jsx } from '@emotion/react'`.
8 error     at Object.<anonymous> (/Users/sumit/personal-projects/Ecommerce-front/node_modules/@emotion/core/dist/emotion-core.cjs.dev.js:3:7)
8 error     at Module._compile (node:internal/modules/cjs/loader:1101:14)
8 error     at Object.Module._extensions..js (node:internal/modules/cjs/loader:1153:10)
8 error     at Module.load (node:internal/modules/cjs/loader:981:32)
8 error     at Function.Module._load (node:internal/modules/cjs/loader:822:12)
8 error     at Module.require (node:internal/modules/cjs/loader:1005:19)
8 error     at require (node:internal/modules/cjs/helpers:102:18)
8 error     at Object.<anonymous> (/Users/sumit/personal-projects/Ecommerce-front/node_modules/@emotion/core/dist/emotion-core.cjs.js:6:20)
8 error     at Module._compile (node:internal/modules/cjs/loader:1101:14)
8 error     at Object.Module._extensions..js (node:internal/modules/cjs/loader:1153:10)
8 error     at Module.load (node:internal/modules/cjs/loader:981:32)
8 error     at Function.Module._load (node:internal/modules/cjs/loader:822:12)
8 error     at Module.require (node:internal/modules/cjs/loader:1005:19)
8 error     at require (node:internal/modules/cjs/helpers:102:18)
8 error     at Object.<anonymous> (/Users/sumit/personal-projects/Ecommerce-front/node_modules/@chakra-ui/core/dist/Accordion/index.js:12:13)
8 error     at Module._compile (node:internal/modules/cjs/loader:1101:14)
8 error false
8 error Error: The `@emotion/core` package has been renamed to `@emotion/react`. Please import it like this `import { jsx } from '@emotion/react'`.
8 error     at Object.<anonymous> (/Users/sumit/personal-projects/Ecommerce-front/node_modules/@emotion/core/dist/emotion-core.cjs.dev.js:3:7)
8 error     at Module._compile (node:internal/modules/cjs/loader:1101:14)
8 error     at Object.Module._extensions..js (node:internal/modules/cjs/loader:1153:10)
8 error     at Module.load (node:internal/modules/cjs/loader:981:32)
8 error     at Function.Module._load (node:internal/modules/cjs/loader:822:12)
8 error     at Module.require (node:internal/modules/cjs/loader:1005:19)
8 error     at require (node:internal/modules/cjs/helpers:102:18)
8 error     at Object.<anonymous> (/Users/sumit/personal-projects/Ecommerce-front/node_modules/@emotion/core/dist/emotion-core.cjs.js:6:20)
8 error     at Module._compile (node:internal/modules/cjs/loader:1101:14)
8 error     at Object.Module._extensions..js (node:internal/modules/cjs/loader:1153:10)
8 error     at Module.load (node:internal/modules/cjs/loader:981:32)
8 error     at Function.Module._load (node:internal/modules/cjs/loader:822:12)
8 error     at Module.require (node:internal/modules/cjs/loader:1005:19)
8 error     at require (node:internal/modules/cjs/helpers:102:18)
8 error     at Object.<anonymous> (/Users/sumit/personal-projects/Ecommerce-front/node_modules/@chakra-ui/core/dist/Accordion/index.js:12:13)
8 error     at Module._compile (node:internal/modules/cjs/loader:1101:14)
8 error error - ./pages/signup/index.tsx:134:8
8 error Syntax error: Unexpected token, expected ","
8 error
8 error   132 |         title: "Email or password doesnot match",
8 error   133 |         description:msg
8 error > 134 |         status: "error",
8 error       |         ^
8 error   135 |         duration: 9000,
8 error   136 |         isClosable: true,
8 error   137 |       });
8 error error - ./pages/signup/index.tsx:98:27
8 error Syntax error: Unexpected token, expected ","
8 error
8 error    96 |     email: yup
8 error    97 |       .string()
8 error >  98 |       .required("Required"))
8 error       |                            ^
8 error    99 |       .email(t("Invalid email format"))
8 error   100 |       .max(80, t("Maximum 80 characters allowed")),
8 error   101 |     password: yup
8 error error - ./components/organisms/Header/Header.tsx:209:13
8 error Syntax error: Unexpected token
8 error
8 error   207 |             </div>
8 error   208 |           </Dropdown>
8 error > 209 |           ):()}
8 error       |              ^
8 error   210 |         </OtherItems>
8 error   211 |       </Wrapper>
8 error   212 |       <MobileHeaderWrapper>
8 error error - ./components/organisms/Header/Header.tsx:214:12
8 error Syntax error: Adjacent JSX elements must be wrapped in an enclosing tag. Did you want a JSX fragment <>...</>?
8 error
8 error   212 |                 {user ? "Hello, " + user.displayName : "Login/Register "}
8 error   213 |               </div>
8 error > 214 |             </Dropdown>
8 error       |             ^
8 error   215 |           )}
8 error   216 |         </OtherItems>
8 error   217 |       </Wrapper>
8 error
8 error <--- Last few GCs --->
8 error
8 error [74031:0x128008000]  3538613 ms: Scavenge 1993.3 (2041.9) -> 1993.0 (2042.9) MB, 6.8 / 0.0 ms  (average mu = 0.963, current mu = 0.965) allocation failure
8 error [74031:0x128008000]  3539124 ms: Mark-sweep (reduce) 2063.2 (2113.1) -> 2049.0 (2081.6) MB, 359.0 / 0.1 ms  (+ 0.0 ms in 0 steps since start of marking, biggest step 0.0 ms, walltime since start of marking 361 ms) (average mu = 0.951, current mu = 0.932)
8 error
8 error <--- JS stacktrace --->
8 error
8 error FATAL ERROR: Reached heap limit Allocation failed - JavaScript heap out of memory
8 error  1: 0x102a63da8 node::Abort() [/opt/homebrew/Cellar/node/16.11.0/bin/node]
8 error  2: 0x102a63f28 node::OnFatalError(char const*, char const*) [/opt/homebrew/Cellar/node/16.11.0/bin/node]
8 error  3: 0x102b924bc v8::Utils::ReportOOMFailure(v8::internal::Isolate*, char const*, bool) [/opt/homebrew/Cellar/node/16.11.0/bin/node]
8 error  4: 0x102b92450 v8::internal::V8::FatalProcessOutOfMemory(v8::internal::Isolate*, char const*, bool) [/opt/homebrew/Cellar/node/16.11.0/bin/node]
8 error  5: 0x102ccacd0 v8::internal::Heap::GarbageCollectionReasonToString(v8::internal::GarbageCollectionReason) [/opt/homebrew/Cellar/node/16.11.0/bin/node]
8 error  6: 0x102cc9c38 v8::internal::Heap::CollectGarbage(v8::internal::AllocationSpace, v8::internal::GarbageCollectionReason, v8::GCCallbackFlags) [/opt/homebrew/Cellar/node/16.11.0/bin/node]
8 error  7: 0x102cd1d90 v8::internal::Heap::AllocateRawWithLightRetrySlowPath(int, v8::internal::AllocationType, v8::internal::AllocationOrigin, v8::internal::AllocationAlignment) [/opt/homebrew/Cellar/node/16.11.0/bin/node]
8 error  8: 0x102caf5fc v8::internal::Factory::CodeBuilder::AllocateCode(bool) [/opt/homebrew/Cellar/node/16.11.0/bin/node]
8 error  9: 0x102caeeac v8::internal::Factory::CodeBuilder::BuildInternal(bool) [/opt/homebrew/Cellar/node/16.11.0/bin/node]
8 error 10: 0x1032b1d7c v8::internal::compiler::CodeGenerator::FinalizeCode() [/opt/homebrew/Cellar/node/16.11.0/bin/node]
8 error 11: 0x1033f0dd4 void v8::internal::compiler::PipelineImpl::Run<v8::internal::compiler::FinalizeCodePhase>() [/opt/homebrew/Cellar/node/16.11.0/bin/node]
8 error 12: 0x1033e9770 v8::internal::compiler::PipelineImpl::FinalizeCode(bool) [/opt/homebrew/Cellar/node/16.11.0/bin/node]
8 error 13: 0x1033e95fc v8::internal::compiler::PipelineCompilationJob::FinalizeJobImpl(v8::internal::Isolate*) [/opt/homebrew/Cellar/node/16.11.0/bin/node]
8 error 14: 0x102c10494 v8::internal::OptimizedCompilationJob::FinalizeJob(v8::internal::Isolate*) [/opt/homebrew/Cellar/node/16.11.0/bin/node]
8 error 15: 0x102c17fcc v8::internal::Compiler::FinalizeOptimizedCompilationJob(v8::internal::OptimizedCompilationJob*, v8::internal::Isolate*) [/opt/homebrew/Cellar/node/16.11.0/bin/node]
8 error 16: 0x102c2e864 v8::internal::OptimizingCompileDispatcher::InstallOptimizedFunctions() [/opt/homebrew/Cellar/node/16.11.0/bin/node]
8 error 17: 0x102c910a8 v8::internal::StackGuard::HandleInterrupts() [/opt/homebrew/Cellar/node/16.11.0/bin/node]
8 error 18: 0x102f3d86c v8::internal::Runtime_StackGuardWithGap(int, unsigned long*, v8::internal::Isolate*) [/opt/homebrew/Cellar/node/16.11.0/bin/node]
8 error 19: 0x1031b7d6c Builtins_CEntry_Return1_DontSaveFPRegs_ArgvOnStack_NoBuiltinExit [/opt/homebrew/Cellar/node/16.11.0/bin/node]
8 error 20: 0x10314c6d4 Builtins_BaselineOutOfLinePrologue [/opt/homebrew/Cellar/node/16.11.0/bin/node]
8 error 21: 0x10a359958
8 error 22: 0x10a276fa4
8 error 23: 0x10a3598ac
8 error 24: 0x1094eb914
8 error 25: 0x1031497ec Builtins_JSEntryTrampoline [/opt/homebrew/Cellar/node/16.11.0/bin/node]
8 error 26: 0x103149484 Builtins_JSEntry [/opt/homebrew/Cellar/node/16.11.0/bin/node]
8 error 27: 0x102c71db0 v8::internal::(anonymous namespace)::Invoke(v8::internal::Isolate*, v8::internal::(anonymous namespace)::InvokeParams const&) [/opt/homebrew/Cellar/node/16.11.0/bin/node]
8 error 28: 0x102c71460 v8::internal::Execution::Call(v8::internal::Isolate*, v8::internal::Handle<v8::internal::Object>, v8::internal::Handle<v8::internal::Object>, int, v8::internal::Handle<v8::internal::Object>*) [/opt/homebrew/Cellar/node/16.11.0/bin/node]
8 error 29: 0x102ba6a8c v8::Function::Call(v8::Local<v8::Context>, v8::Local<v8::Value>, int, v8::Local<v8::Value>*) [/opt/homebrew/Cellar/node/16.11.0/bin/node]
8 error 30: 0x1029ba3b4 node::InternalMakeCallback(node::Environment*, v8::Local<v8::Object>, v8::Local<v8::Object>, v8::Local<v8::Function>, int, v8::Local<v8::Value>*, node::async_context) [/opt/homebrew/Cellar/node/16.11.0/bin/node]
8 error 31: 0x1029d2660 node::AsyncWrap::MakeCallback(v8::Local<v8::Function>, int, v8::Local<v8::Value>*) [/opt/homebrew/Cellar/node/16.11.0/bin/node]
8 error 32: 0x102a67a40 node::fs::FSReqCallback::Resolve(v8::Local<v8::Value>) [/opt/homebrew/Cellar/node/16.11.0/bin/node]
8 error 33: 0x102a67f44 node::fs::AfterStat(uv_fs_s*) [/opt/homebrew/Cellar/node/16.11.0/bin/node]
8 error 34: 0x104c72f20 uv__work_done [/opt/homebrew/Cellar/libuv/1.42.0/lib/libuv.1.dylib]
8 error 35: 0x104c76260 uv__async_io [/opt/homebrew/Cellar/libuv/1.42.0/lib/libuv.1.dylib]
8 error 36: 0x104c85ac4 uv__io_poll [/opt/homebrew/Cellar/libuv/1.42.0/lib/libuv.1.dylib]
8 error 37: 0x104c76680 uv_run [/opt/homebrew/Cellar/libuv/1.42.0/lib/libuv.1.dylib]
8 error 38: 0x1029baf60 node::SpinEventLoop(node::Environment*) [/opt/homebrew/Cellar/node/16.11.0/bin/node]
8 error 39: 0x102a98b14 node::NodeMainInstance::Run(int*, node::Environment*) [/opt/homebrew/Cellar/node/16.11.0/bin/node]
8 error 40: 0x102a987e4 node::NodeMainInstance::Run(node::EnvSerializeInfo const*) [/opt/homebrew/Cellar/node/16.11.0/bin/node]
8 error 41: 0x102a39f50 node::Start(int, char**) [/opt/homebrew/Cellar/node/16.11.0/bin/node]
8 error 42: 0x104cc90f4
8 error
8 error
8 error > consumer@0.1.0 dev
8 error > next -p $CONSUMER_PORT
8 error
8 error ready - started server on 0.0.0.0:3000, url: http://localhost:3000
8 error info  - Using webpack 4. Reason: custom webpack configuration in next.config.js https://nextjs.org/docs/messages/webpack5
8 error info  - Using external babel configuration from /Users/sumit/personal-projects/Ecommerce-front/packages/consumer/babel.config.json
8 error event - compiled successfully
8 error event - build page: /404
8 error wait  - compiling...
8 error event - compiled successfully
8 error event - build page: /login
8 error wait  - compiling...
8 error event - compiled successfully
8 error wait  - compiling...
8 error event - compiled successfully
8 error wait  - compiling...
8 error event - compiled successfully
8 error event - build page: /signup
8 error wait  - compiling...
8 error event - compiled successfully
8 error event - build page: /
8 error wait  - compiling...
8 error event - compiled successfully
8 error event - build page: /
8 error wait  - compiling...
8 error event - compiled successfully
8 error event - build page: /homepage
8 error wait  - compiling...
8 error event - compiled successfully
8 error wait  - compiling...
8 error event - compiled successfully
8 error wait  - compiling...
8 error event - compiled successfully
8 error wait  - compiling...
8 error event - compiled successfully
8 error wait  - compiling...
8 error event - compiled successfully
8 error wait  - compiling...
8 error event - compiled successfully
8 error wait  - compiling...
8 error event - compiled successfully
8 error wait  - compiling...
8 error event - compiled successfully
8 error wait  - compiling...
8 error event - compiled successfully
8 error wait  - compiling...
8 error event - compiled successfully
8 error wait  - compiling...
8 error event - compiled successfully
8 error wait  - compiling...
8 error event - compiled successfully
8 error wait  - compiling...
8 error event - compiled successfully
8 error wait  - compiling...
8 error wait  - compiling...
8 error wait  - compiling...
8 error wait  - compiling...
8 error wait  - compiling...
8 error wait  - compiling...
8 error event - compiled successfully
8 error wait  - compiling...
8 error event - compiled successfully
8 error wait  - compiling...
8 error event - compiled successfully
8 error wait  - compiling...
8 error event - compiled successfully
8 error wait  - compiling...
8 error event - compiled successfully
8 error wait  - compiling...
8 error event - compiled successfully
8 error event - build page: /homepage
8 error wait  - compiling...
8 error event - compiled successfully
8 error wait  - compiling...
8 error event - compiled successfully
8 error wait  - compiling...
8 error event - compiled successfully
8 error wait  - compiling...
8 error event - compiled successfully
8 error wait  - compiling...
8 error event - compiled successfully
8 error wait  - compiling...
8 error event - compiled successfully
8 error wait  - compiling...
8 error event - compiled successfully
8 error wait  - compiling...
8 error event - compiled successfully
8 error wait  - compiling...
8 error event - compiled successfully
8 error wait  - compiling...
8 error event - compiled successfully
8 error wait  - compiling...
8 error event - compiled successfully
8 error wait  - compiling...
8 error event - compiled successfully
8 error wait  - compiling...
8 error event - compiled successfully
8 error wait  - compiling...
8 error event - compiled successfully
8 error wait  - compiling...
8 error event - compiled successfully
8 error wait  - compiling...
8 error wait  - compiling...
8 error event - compiled successfully
8 error wait  - compiling...
8 error event - compiled successfully
8 error wait  - compiling...
8 error event - compiled successfully
8 error wait  - compiling...
8 error event - compiled successfully
8 error wait  - compiling...
8 error event - compiled successfully
8 error wait  - compiling...
8 error event - compiled successfully
8 error wait  - compiling...
8 error event - compiled successfully
8 error wait  - compiling...
8 error wait  - compiling...
8 error wait  - compiling...
8 error event - compiled successfully
8 error wait  - compiling...
8 error event - compiled successfully
8 error wait  - compiling...
8 error event - compiled successfully
8 error wait  - compiling...
8 error event - compiled successfully
8 error wait  - compiling...
8 error event - compiled successfully
8 error wait  - compiling...
8 error event - compiled successfully
8 error wait  - compiling...
8 error event - compiled successfully
8 error wait  - compiling...
8 error event - compiled successfully
8 error event - build page: /signup
8 error wait  - compiling...
8 error event - compiled successfully
8 error wait  - compiling...
8 error event - compiled successfully
8 error wait  - compiling...
8 error event - compiled successfully
8 error wait  - compiling...
8 error event - compiled successfully
8 error wait  - compiling...
8 error event - compiled successfully
8 error event - build page: /_error
8 error wait  - compiling...
8 error event - compiled successfully
8 error wait  - compiling...
8 error event - compiled successfully
8 error wait  - compiling...
8 error event - compiled successfully
8 error event - build page: /404
8 error wait  - compiling...
8 error event - compiled successfully
8 error event - build page: /homepage
8 error wait  - compiling...
8 error event - compiled successfully
8 error wait  - compiling...
8 error event - compiled successfully
8 error wait  - compiling...
8 error event - compiled successfully
8 error wait  - compiling...
8 error event - compiled successfully
8 error wait  - compiling...
8 error event - compiled successfully
8 error wait  - compiling...
8 error event - compiled successfully
8 error wait  - compiling...
8 error event - compiled successfully
8 error wait  - compiling...
8 error event - compiled successfully
8 error wait  - compiling...
8 error wait  - compiling...
8 error event - compiled successfully
8 error wait  - compiling...
8 error event - compiled successfully
8 error wait  - compiling...
8 error event - compiled successfully
8 error wait  - compiling...
8 error event - compiled successfully
8 error wait  - compiling...
8 error event - compiled successfully
8 error wait  - compiling...
8 error event - compiled successfully
8 error wait  - compiling...
8 error event - compiled successfully
8 error wait  - compiling...
8 error event - compiled successfully
8 error wait  - compiling...
8 error event - compiled successfully
8 error wait  - compiling...
8 error event - compiled successfully
8 error event - build page: /signup
8 error wait  - compiling...
8 error event - compiled successfully
8 error event - build page: /_error
8 error wait  - compiling...
8 error event - compiled successfully
8 error event - build page: /404
8 error wait  - compiling...
8 error event - compiled successfully
8 error wait  - compiling...
8 error event - compiled successfully
8 error wait  - compiling...
8 error event - compiled successfully
8 error wait  - compiling...
8 error event - compiled successfully
8 error wait  - compiling...
8 error event - compiled successfully
8 error wait  - compiling...
8 error event - compiled successfully
8 error wait  - compiling...
8 error event - compiled successfully
8 error wait  - compiling...
8 error event - compiled successfully
8 error wait  - compiling...
8 error event - compiled successfully
8 error wait  - compiling...
8 error event - compiled successfully
8 error wait  - compiling...
8 error wait  - compiling...
8 error event - compiled successfully
8 error wait  - compiling...
8 error event - compiled successfully
8 error wait  - compiling...
8 error event - compiled successfully
8 error wait  - compiling...
8 error event - compiled successfully
8 error wait  - compiling...
8 error wait  - compiling...
8 error event - compiled successfully
8 error wait  - compiling...
8 error event - compiled successfully
8 error wait  - compiling...
8 error event - compiled successfully
8 error wait  - compiling...
8 error event - compiled successfully
8 error wait  - compiling...
8 error event - compiled successfully
8 error wait  - compiling...
8 error event - compiled successfully
8 error event - build page: /homepage
8 error wait  - compiling...
8 error event - compiled successfully
8 error wait  - compiling...
8 error event - compiled successfully
8 error wait  - compiling...
8 error event - compiled successfully
8 error wait  - compiling...
8 error wait  - compiling...
8 error event - compiled successfully
8 error wait  - compiling...
8 error wait  - compiling...
8 error event - compiled successfully
8 error wait  - compiling...
8 error event - compiled successfully
8 error wait  - compiling...
8 error
8 error     at makeError (/Users/sumit/personal-projects/Ecommerce-front/node_modules/execa/index.js:174:9)
8 error     at /Users/sumit/personal-projects/Ecommerce-front/node_modules/execa/index.js:278:16
